[INFO] Scanning for projects...
[WARNING] 
	Profile with id: 'local-offline-deactivated' has not been activated.

[INFO] Reactor build order: 
[INFO]   Sakai Nakamura Project
[INFO]   Sakai Nakamura :: Sakai Import Bundle
[INFO]   Sakai Nakamura :: Filters Bundle
[INFO]   Sakai Nakamura :: Mailman Support
[INFO]   Sakai Nakamura :: LDAP Connection Bundle
[INFO]   Sakai Nakamura :: Person Directory Bundle
[INFO]   Sakai Nakamura :: CAS Authentication Bundle
[INFO]   Sakai Nakamura :: LDAP Authentication Bundle
[INFO]   Sakai Nakamura :: OpenSSO Authentication Bundle
[INFO]   Sakai Nakamura :: Remote Files Connector
[INFO]   Sakai Nakamura :: Site Join Workflow Bundle
[INFO]   Sakai Nakamura :: Foreign Principal Provider
[INFO]   Sakai Nakamura :: Root Node Configuration
[INFO] ------------------------------------------------------------------------
[INFO] Building Sakai Nakamura Project
[INFO]    task-segment: [clean, install]
[INFO] ------------------------------------------------------------------------
[INFO] [clean:clean {execution: default-clean}]
[INFO] [site:attach-descriptor {execution: default-attach-descriptor}]
[INFO] Preparing source:jar
[WARNING] Removing: jar from forked lifecycle, to prevent recursive invocation.
[INFO] No goals needed for project - skipping
[INFO] [source:jar {execution: attach-sources}]
[INFO] [ianal:verify-legal-files {execution: default}]
[INFO] [install:install {execution: default-install}]
[INFO] Installing /Users/ieb/timefields/open-experiments/pom.xml to /Users/ieb/.m2/repository/org/sakaiproject/nakamura/base/0.9/base-0.9.pom
[INFO] ------------------------------------------------------------------------
[INFO] Building Sakai Nakamura :: Sakai Import Bundle
[INFO]    task-segment: [clean, install]
[INFO] ------------------------------------------------------------------------
[INFO] [clean:clean {execution: default-clean}]
[INFO] Deleting directory /Users/ieb/timefields/open-experiments/contrib/import/target
[INFO] [resources:resources {execution: default-resources}]
[INFO] Using 'UTF-8' encoding to copy filtered resources.
[INFO] Copying 1 resource
[WARNING] POM for 'opensymphony:quartz:pom:1.6.3:provided' is invalid.

Its dependencies (if any) will NOT be available to the current build.
[INFO] [compiler:compile {execution: default-compile}]
[INFO] Compiling 1 source file to /Users/ieb/timefields/open-experiments/contrib/import/target/classes
[INFO] [scr:scr {execution: generate-scr-scrdescriptor}]
[INFO] Generating 2 MetaType Descriptors to /Users/ieb/timefields/open-experiments/contrib/import/target/scr-plugin-generated/OSGI-INF/metatype/metatype.xml
[INFO] Writing abstract service descriptor /Users/ieb/timefields/open-experiments/contrib/import/target/scr-plugin-generated/OSGI-INF/scr-plugin/scrinfo.xml with 1 entries.
[INFO] Generating 1 Service Component Descriptors to /Users/ieb/timefields/open-experiments/contrib/import/target/scr-plugin-generated/OSGI-INF/serviceComponents.xml
[INFO] [resources:testResources {execution: default-testResources}]
[INFO] Using 'UTF-8' encoding to copy filtered resources.
[INFO] skip non existing resourceDirectory /Users/ieb/timefields/open-experiments/contrib/import/src/test/resources
[INFO] [compiler:testCompile {execution: default-testCompile}]
[INFO] Compiling 1 source file to /Users/ieb/timefields/open-experiments/contrib/import/target/test-classes
[INFO] [surefire:test {execution: default-test}]
[INFO] Surefire report directory: /Users/ieb/timefields/open-experiments/contrib/import/target/surefire-reports

-------------------------------------------------------
 T E S T S
-------------------------------------------------------
Running org.sakaiproject.nakamura.importer.ImportSiteArchiveServletTest
Tests run: 3, Failures: 0, Errors: 0, Skipped: 0, Time elapsed: 0.587 sec

Results :

Tests run: 3, Failures: 0, Errors: 0, Skipped: 0

[INFO] [bundle:bundle {execution: default-bundle}]
[WARNING] Warning building bundle org.sakaiproject.nakamura:org.sakaiproject.nakamura.import:bundle:0.9 : Instructions in Export-Package that are never used: org\.sakaiproject\.nakamura\.api\.importer
[WARNING] Warning building bundle org.sakaiproject.nakamura:org.sakaiproject.nakamura.import:bundle:0.9 : Superfluous export-package instructions: [org.sakaiproject.nakamura.api.importer]
[WARNING] Warning building bundle org.sakaiproject.nakamura:org.sakaiproject.nakamura.import:bundle:0.9 : Did not find matching referal for org.codehaus.stax2.*
[WARNING] Warning building bundle org.sakaiproject.nakamura:org.sakaiproject.nakamura.import:bundle:0.9 : Did not find matching referal for org.relaxng.datatype.*
[INFO] Preparing source:jar
[WARNING] Removing: jar from forked lifecycle, to prevent recursive invocation.
[INFO] No goals needed for project - skipping
[INFO] [source:jar {execution: attach-sources}]
[INFO] Building jar: /Users/ieb/timefields/open-experiments/contrib/import/target/org.sakaiproject.nakamura.import-0.9-sources.jar
[INFO] [ianal:verify-legal-files {execution: default}]
[INFO] Checking legal files in: org.sakaiproject.nakamura.import-0.9.jar
[WARNING] Artifact does not contain any legal files: org.sakaiproject.nakamura.import-0.9.jar
[INFO] Checking legal files in: org.sakaiproject.nakamura.import-0.9-sources.jar
[WARNING] Artifact does not contain any legal files: org.sakaiproject.nakamura.import-0.9-sources.jar
[INFO] [install:install {execution: default-install}]
[INFO] Installing /Users/ieb/timefields/open-experiments/contrib/import/target/org.sakaiproject.nakamura.import-0.9.jar to /Users/ieb/.m2/repository/org/sakaiproject/nakamura/org.sakaiproject.nakamura.import/0.9/org.sakaiproject.nakamura.import-0.9.jar
[INFO] Installing /Users/ieb/timefields/open-experiments/contrib/import/target/org.sakaiproject.nakamura.import-0.9-sources.jar to /Users/ieb/.m2/repository/org/sakaiproject/nakamura/org.sakaiproject.nakamura.import/0.9/org.sakaiproject.nakamura.import-0.9-sources.jar
[INFO] [bundle:install {execution: default-install}]
[INFO] Parsing file:/Users/ieb/.m2/repository/repository.xml
[INFO] Installing org/sakaiproject/nakamura/org.sakaiproject.nakamura.import/0.9/org.sakaiproject.nakamura.import-0.9.jar
[INFO] Writing OBR metadata
[INFO] ------------------------------------------------------------------------
[INFO] Building Sakai Nakamura :: Filters Bundle
[INFO]    task-segment: [clean, install]
[INFO] ------------------------------------------------------------------------
[INFO] [clean:clean {execution: default-clean}]
[INFO] Deleting directory /Users/ieb/timefields/open-experiments/contrib/filters/target
[INFO] [resources:resources {execution: default-resources}]
[INFO] Using 'UTF-8' encoding to copy filtered resources.
[INFO] skip non existing resourceDirectory /Users/ieb/timefields/open-experiments/contrib/filters/src/main/resources
[INFO] [compiler:compile {execution: default-compile}]
[INFO] Compiling 2 source files to /Users/ieb/timefields/open-experiments/contrib/filters/target/classes
[INFO] [scr:scr {execution: generate-scr-scrdescriptor}]
[INFO] Generating 2 MetaType Descriptors to /Users/ieb/timefields/open-experiments/contrib/filters/target/scr-plugin-generated/OSGI-INF/metatype/metatype.xml
[INFO] Writing abstract service descriptor /Users/ieb/timefields/open-experiments/contrib/filters/target/scr-plugin-generated/OSGI-INF/scr-plugin/scrinfo.xml with 2 entries.
[INFO] Generating 2 Service Component Descriptors to /Users/ieb/timefields/open-experiments/contrib/filters/target/scr-plugin-generated/OSGI-INF/serviceComponents.xml
[INFO] [resources:testResources {execution: default-testResources}]
[INFO] Using 'UTF-8' encoding to copy filtered resources.
[INFO] skip non existing resourceDirectory /Users/ieb/timefields/open-experiments/contrib/filters/src/test/resources
[INFO] [compiler:testCompile {execution: default-testCompile}]
[INFO] Compiling 1 source file to /Users/ieb/timefields/open-experiments/contrib/filters/target/test-classes
[INFO] [surefire:test {execution: default-test}]
[INFO] Surefire report directory: /Users/ieb/timefields/open-experiments/contrib/filters/target/surefire-reports

-------------------------------------------------------
 T E S T S
-------------------------------------------------------
Running org.sakaiproject.nakamura.webapp.filter.CacheControlFilterTest
Tests run: 5, Failures: 0, Errors: 0, Skipped: 0, Time elapsed: 0.456 sec

Results :

Tests run: 5, Failures: 0, Errors: 0, Skipped: 0

[INFO] [bundle:bundle {execution: default-bundle}]
[INFO] Preparing source:jar
[WARNING] Removing: jar from forked lifecycle, to prevent recursive invocation.
[INFO] No goals needed for project - skipping
[INFO] [source:jar {execution: attach-sources}]
[INFO] Building jar: /Users/ieb/timefields/open-experiments/contrib/filters/target/org.sakaiproject.nakamura.filters-0.9-sources.jar
[INFO] [ianal:verify-legal-files {execution: default}]
[INFO] Checking legal files in: org.sakaiproject.nakamura.filters-0.9.jar
[WARNING] Artifact does not contain any legal files: org.sakaiproject.nakamura.filters-0.9.jar
[INFO] Checking legal files in: org.sakaiproject.nakamura.filters-0.9-sources.jar
[WARNING] Artifact does not contain any legal files: org.sakaiproject.nakamura.filters-0.9-sources.jar
[INFO] [install:install {execution: default-install}]
[INFO] Installing /Users/ieb/timefields/open-experiments/contrib/filters/target/org.sakaiproject.nakamura.filters-0.9.jar to /Users/ieb/.m2/repository/org/sakaiproject/nakamura/org.sakaiproject.nakamura.filters/0.9/org.sakaiproject.nakamura.filters-0.9.jar
[INFO] Installing /Users/ieb/timefields/open-experiments/contrib/filters/target/org.sakaiproject.nakamura.filters-0.9-sources.jar to /Users/ieb/.m2/repository/org/sakaiproject/nakamura/org.sakaiproject.nakamura.filters/0.9/org.sakaiproject.nakamura.filters-0.9-sources.jar
[INFO] [bundle:install {execution: default-install}]
[INFO] Parsing file:/Users/ieb/.m2/repository/repository.xml
[INFO] Installing org/sakaiproject/nakamura/org.sakaiproject.nakamura.filters/0.9/org.sakaiproject.nakamura.filters-0.9.jar
[INFO] Writing OBR metadata
[INFO] ------------------------------------------------------------------------
[INFO] Building Sakai Nakamura :: Mailman Support
[INFO]    task-segment: [clean, install]
[INFO] ------------------------------------------------------------------------
[INFO] [clean:clean {execution: default-clean}]
[INFO] Deleting directory /Users/ieb/timefields/open-experiments/contrib/mailman/target
[WARNING] While downloading xml-apis:xml-apis:2.0.2
  This artifact has been relocated to xml-apis:xml-apis:1.0.b2.


[INFO] [dependency:copy-dependencies {execution: embed-dependencies}]
[INFO] Copying nekohtml-1.9.12.jar to /Users/ieb/timefields/open-experiments/contrib/mailman/target/classes/nekohtml-1.9.12.jar
[INFO] Copying xercesImpl-2.9.1.jar to /Users/ieb/timefields/open-experiments/contrib/mailman/target/classes/xercesImpl-2.9.1.jar
[INFO] Copying xml-apis-1.0.b2.jar to /Users/ieb/timefields/open-experiments/contrib/mailman/target/classes/xml-apis-1.0.b2.jar
[INFO] Copying xml-resolver-1.2.jar to /Users/ieb/timefields/open-experiments/contrib/mailman/target/classes/xml-resolver-1.2.jar
[INFO] [resources:resources {execution: default-resources}]
[INFO] Using 'UTF-8' encoding to copy filtered resources.
[INFO] Copying 1 resource
[INFO] [compiler:compile {execution: default-compile}]
[INFO] Compiling 6 source files to /Users/ieb/timefields/open-experiments/contrib/mailman/target/classes
[WARNING] /Users/ieb/timefields/open-experiments/contrib/mailman/src/main/java/org/sakaiproject/nakamura/mailman/impl/MailmanGroupManager.java:[156,58] [deprecation] getProfilePath(org.apache.jackrabbit.api.security.user.Authorizable) in org.sakaiproject.nakamura.api.personal.PersonalUtils has been deprecated

[INFO] [scr:scr {execution: generate-scr-scrdescriptor}]
[INFO] Generating 4 MetaType Descriptors to /Users/ieb/timefields/open-experiments/contrib/mailman/target/scr-plugin-generated/OSGI-INF/metatype/metatype.xml
[INFO] Writing abstract service descriptor /Users/ieb/timefields/open-experiments/contrib/mailman/target/scr-plugin-generated/OSGI-INF/scr-plugin/scrinfo.xml with 3 entries.
[INFO] Generating 3 Service Component Descriptors to /Users/ieb/timefields/open-experiments/contrib/mailman/target/scr-plugin-generated/OSGI-INF/serviceComponents.xml
[INFO] [resources:testResources {execution: default-testResources}]
[INFO] Using 'UTF-8' encoding to copy filtered resources.
[INFO] Copying 8 resources
[INFO] [compiler:testCompile {execution: default-testCompile}]
[INFO] Compiling 2 source files to /Users/ieb/timefields/open-experiments/contrib/mailman/target/test-classes
[WARNING] /Users/ieb/timefields/open-experiments/contrib/mailman/src/test/java/org/sakaiproject/nakamura/mailman/impl/MailmanGroupManagerTest.java:[126,42] [deprecation] getProfilePath(org.apache.jackrabbit.api.security.user.Authorizable) in org.sakaiproject.nakamura.api.personal.PersonalUtils has been deprecated

[INFO] [surefire:test {execution: default-test}]
[INFO] Surefire report directory: /Users/ieb/timefields/open-experiments/contrib/mailman/target/surefire-reports

-------------------------------------------------------
 T E S T S
-------------------------------------------------------
Running org.sakaiproject.nakamura.mailman.impl.MailmanInterfaceTest
Tests run: 8, Failures: 0, Errors: 0, Skipped: 0, Time elapsed: 1.422 sec
Running org.sakaiproject.nakamura.mailman.impl.MailmanGroupManagerTest
Tests run: 4, Failures: 0, Errors: 0, Skipped: 0, Time elapsed: 0.147 sec

Results :

Tests run: 12, Failures: 0, Errors: 0, Skipped: 0

[INFO] [bundle:bundle {execution: default-bundle}]
[INFO] Preparing source:jar
[WARNING] Removing: jar from forked lifecycle, to prevent recursive invocation.
[INFO] No goals needed for project - skipping
[INFO] [source:jar {execution: attach-sources}]
[INFO] Building jar: /Users/ieb/timefields/open-experiments/contrib/mailman/target/org.sakaiproject.nakamura.mailman-0.9-sources.jar
[INFO] [ianal:verify-legal-files {execution: default}]
[INFO] Checking legal files in: org.sakaiproject.nakamura.mailman-0.9.jar
[WARNING] Artifact does not contain any legal files: org.sakaiproject.nakamura.mailman-0.9.jar
[INFO] Checking legal files in: org.sakaiproject.nakamura.mailman-0.9-sources.jar
[WARNING] Artifact does not contain any legal files: org.sakaiproject.nakamura.mailman-0.9-sources.jar
[INFO] [install:install {execution: default-install}]
[INFO] Installing /Users/ieb/timefields/open-experiments/contrib/mailman/target/org.sakaiproject.nakamura.mailman-0.9.jar to /Users/ieb/.m2/repository/org/sakaiproject/nakamura/org.sakaiproject.nakamura.mailman/0.9/org.sakaiproject.nakamura.mailman-0.9.jar
[INFO] Installing /Users/ieb/timefields/open-experiments/contrib/mailman/target/org.sakaiproject.nakamura.mailman-0.9-sources.jar to /Users/ieb/.m2/repository/org/sakaiproject/nakamura/org.sakaiproject.nakamura.mailman/0.9/org.sakaiproject.nakamura.mailman-0.9-sources.jar
[INFO] [bundle:install {execution: default-install}]
[INFO] Parsing file:/Users/ieb/.m2/repository/repository.xml
[INFO] Installing org/sakaiproject/nakamura/org.sakaiproject.nakamura.mailman/0.9/org.sakaiproject.nakamura.mailman-0.9.jar
[INFO] Writing OBR metadata
[INFO] ------------------------------------------------------------------------
[INFO] Building Sakai Nakamura :: LDAP Connection Bundle
[INFO]    task-segment: [clean, install]
[INFO] ------------------------------------------------------------------------
[INFO] [clean:clean {execution: default-clean}]
[INFO] Deleting directory /Users/ieb/timefields/open-experiments/contrib/ldap/target
[INFO] [resources:resources {execution: default-resources}]
[INFO] Using 'UTF-8' encoding to copy filtered resources.
[INFO] Copying 1 resource
[INFO] [compiler:compile {execution: default-compile}]
[INFO] Compiling 13 source files to /Users/ieb/timefields/open-experiments/contrib/ldap/target/classes
[INFO] [scr:scr {execution: generate-scr-scrdescriptor}]
[INFO] Generating 2 MetaType Descriptors to /Users/ieb/timefields/open-experiments/contrib/ldap/target/scr-plugin-generated/OSGI-INF/metatype/metatype.xml
[INFO] Writing abstract service descriptor /Users/ieb/timefields/open-experiments/contrib/ldap/target/scr-plugin-generated/OSGI-INF/scr-plugin/scrinfo.xml with 4 entries.
[INFO] Generating 4 Service Component Descriptors to /Users/ieb/timefields/open-experiments/contrib/ldap/target/scr-plugin-generated/OSGI-INF/serviceComponents.xml
[INFO] [resources:testResources {execution: default-testResources}]
[INFO] Using 'UTF-8' encoding to copy filtered resources.
[INFO] Copying 1 resource
[INFO] [compiler:testCompile {execution: default-testCompile}]
[INFO] Compiling 10 source files to /Users/ieb/timefields/open-experiments/contrib/ldap/target/test-classes
[INFO] [surefire:test {execution: default-test}]
[INFO] Surefire report directory: /Users/ieb/timefields/open-experiments/contrib/ldap/target/surefire-reports

-------------------------------------------------------
 T E S T S
-------------------------------------------------------
Running org.sakaiproject.nakamura.ldap.PooledLDAPConnectionTest
Tests run: 4, Failures: 0, Errors: 0, Skipped: 0, Time elapsed: 0.329 sec
Running org.sakaiproject.nakamura.ldap.liveness.SearchExecutingLdapConnectionLivenessValidatorInitializationTest
Tests run: 5, Failures: 0, Errors: 0, Skipped: 0, Time elapsed: 0.152 sec
Running org.sakaiproject.nakamura.ldap.PooledLDAPConnectionFactoryTest
Tests run: 10, Failures: 0, Errors: 0, Skipped: 0, Time elapsed: 0.246 sec
Running org.sakaiproject.nakamura.ldap.SimpleLdapConnectionManagerTest
Tests run: 18, Failures: 0, Errors: 0, Skipped: 0, Time elapsed: 0.153 sec
Running org.sakaiproject.nakamura.ldap.liveness.MaxLifetimeLdapConnectionLivenessValidatorTest
Tests run: 5, Failures: 0, Errors: 0, Skipped: 0, Time elapsed: 0.02 sec
Running org.sakaiproject.nakamura.ldap.GenericObjectPoolTest
Tests run: 4, Failures: 0, Errors: 0, Skipped: 0, Time elapsed: 0.049 sec
Running org.sakaiproject.nakamura.ldap.liveness.SearchExecutingLdapConnectionLivenessValidatorTest
Tests run: 7, Failures: 0, Errors: 0, Skipped: 0, Time elapsed: 0.049 sec
Running org.sakaiproject.nakamura.ldap.PoolingLdapConnectionManagerTest
Tests run: 2, Failures: 0, Errors: 0, Skipped: 0, Time elapsed: 0.018 sec
Running org.sakaiproject.nakamura.ldap.liveness.NativeLdapConnectionLivenessValidatorTest
Tests run: 2, Failures: 0, Errors: 0, Skipped: 0, Time elapsed: 0.015 sec
Running org.sakaiproject.nakamura.api.ldap.LdapConnectionManagerConfigTest
Tests run: 3, Failures: 0, Errors: 0, Skipped: 0, Time elapsed: 0.008 sec

Results :

Tests run: 60, Failures: 0, Errors: 0, Skipped: 0

[INFO] [bundle:bundle {execution: default-bundle}]
[INFO] Preparing source:jar
[WARNING] Removing: jar from forked lifecycle, to prevent recursive invocation.
[INFO] No goals needed for project - skipping
[INFO] [source:jar {execution: attach-sources}]
[INFO] Building jar: /Users/ieb/timefields/open-experiments/contrib/ldap/target/org.sakaiproject.nakamura.ldap-0.9-sources.jar
[INFO] [ianal:verify-legal-files {execution: default}]
[INFO] Checking legal files in: org.sakaiproject.nakamura.ldap-0.9.jar
[WARNING] Artifact does not contain any legal files: org.sakaiproject.nakamura.ldap-0.9.jar
[INFO] Checking legal files in: org.sakaiproject.nakamura.ldap-0.9-sources.jar
[WARNING] Artifact does not contain any legal files: org.sakaiproject.nakamura.ldap-0.9-sources.jar
[INFO] [install:install {execution: default-install}]
[INFO] Installing /Users/ieb/timefields/open-experiments/contrib/ldap/target/org.sakaiproject.nakamura.ldap-0.9.jar to /Users/ieb/.m2/repository/org/sakaiproject/nakamura/org.sakaiproject.nakamura.ldap/0.9/org.sakaiproject.nakamura.ldap-0.9.jar
[INFO] Installing /Users/ieb/timefields/open-experiments/contrib/ldap/target/org.sakaiproject.nakamura.ldap-0.9-sources.jar to /Users/ieb/.m2/repository/org/sakaiproject/nakamura/org.sakaiproject.nakamura.ldap/0.9/org.sakaiproject.nakamura.ldap-0.9-sources.jar
[INFO] [bundle:install {execution: default-install}]
[INFO] Parsing file:/Users/ieb/.m2/repository/repository.xml
[INFO] Installing org/sakaiproject/nakamura/org.sakaiproject.nakamura.ldap/0.9/org.sakaiproject.nakamura.ldap-0.9.jar
[INFO] Writing OBR metadata
[INFO] ------------------------------------------------------------------------
[INFO] Building Sakai Nakamura :: Person Directory Bundle
[INFO]    task-segment: [clean, install]
[INFO] ------------------------------------------------------------------------
[INFO] [clean:clean {execution: default-clean}]
[INFO] Deleting directory /Users/ieb/timefields/open-experiments/contrib/persondirectory/target
[INFO] [resources:resources {execution: default-resources}]
[INFO] Using 'UTF-8' encoding to copy filtered resources.
[INFO] skip non existing resourceDirectory /Users/ieb/timefields/open-experiments/contrib/persondirectory/src/main/resources
[INFO] [compiler:compile {execution: default-compile}]
[INFO] Compiling 4 source files to /Users/ieb/timefields/open-experiments/contrib/persondirectory/target/classes
[INFO] [scr:scr {execution: generate-scr-scrdescriptor}]
[INFO] Generating 2 MetaType Descriptors to /Users/ieb/timefields/open-experiments/contrib/persondirectory/target/scr-plugin-generated/OSGI-INF/metatype/metatype.xml
[INFO] Writing abstract service descriptor /Users/ieb/timefields/open-experiments/contrib/persondirectory/target/scr-plugin-generated/OSGI-INF/scr-plugin/scrinfo.xml with 2 entries.
[INFO] Generating 2 Service Component Descriptors to /Users/ieb/timefields/open-experiments/contrib/persondirectory/target/scr-plugin-generated/OSGI-INF/serviceComponents.xml
[INFO] [resources:testResources {execution: default-testResources}]
[INFO] Using 'UTF-8' encoding to copy filtered resources.
[INFO] skip non existing resourceDirectory /Users/ieb/timefields/open-experiments/contrib/persondirectory/src/test/resources
[INFO] [compiler:testCompile {execution: default-testCompile}]
[INFO] Compiling 3 source files to /Users/ieb/timefields/open-experiments/contrib/persondirectory/target/test-classes
[INFO] [surefire:test {execution: default-test}]
[INFO] Surefire report directory: /Users/ieb/timefields/open-experiments/contrib/persondirectory/target/surefire-reports

-------------------------------------------------------
 T E S T S
-------------------------------------------------------
Running org.sakaiproject.nakamura.persondirectory.providers.PersonProfileProviderAdapterTest
Tests run: 2, Failures: 0, Errors: 0, Skipped: 0, Time elapsed: 0.437 sec
Running org.sakaiproject.nakamura.api.persondirectory.PersonProviderExceptionTest
Tests run: 4, Failures: 0, Errors: 0, Skipped: 0, Time elapsed: 0.015 sec
Running org.sakaiproject.nakamura.persondirectory.providers.LdapPersonProviderTest
Tests run: 9, Failures: 0, Errors: 0, Skipped: 0, Time elapsed: 0.273 sec

Results :

Tests run: 15, Failures: 0, Errors: 0, Skipped: 0

[INFO] [bundle:bundle {execution: default-bundle}]
[INFO] Preparing source:jar
[WARNING] Removing: jar from forked lifecycle, to prevent recursive invocation.
[INFO] No goals needed for project - skipping
[INFO] [source:jar {execution: attach-sources}]
[INFO] Building jar: /Users/ieb/timefields/open-experiments/contrib/persondirectory/target/org.sakaiproject.nakamura.persondirectory-0.9-sources.jar
[INFO] [ianal:verify-legal-files {execution: default}]
[INFO] Checking legal files in: org.sakaiproject.nakamura.persondirectory-0.9.jar
[WARNING] Artifact does not contain any legal files: org.sakaiproject.nakamura.persondirectory-0.9.jar
[INFO] Checking legal files in: org.sakaiproject.nakamura.persondirectory-0.9-sources.jar
[WARNING] Artifact does not contain any legal files: org.sakaiproject.nakamura.persondirectory-0.9-sources.jar
[INFO] [install:install {execution: default-install}]
[INFO] Installing /Users/ieb/timefields/open-experiments/contrib/persondirectory/target/org.sakaiproject.nakamura.persondirectory-0.9.jar to /Users/ieb/.m2/repository/org/sakaiproject/nakamura/org.sakaiproject.nakamura.persondirectory/0.9/org.sakaiproject.nakamura.persondirectory-0.9.jar
[INFO] Installing /Users/ieb/timefields/open-experiments/contrib/persondirectory/target/org.sakaiproject.nakamura.persondirectory-0.9-sources.jar to /Users/ieb/.m2/repository/org/sakaiproject/nakamura/org.sakaiproject.nakamura.persondirectory/0.9/org.sakaiproject.nakamura.persondirectory-0.9-sources.jar
[INFO] [bundle:install {execution: default-install}]
[INFO] Parsing file:/Users/ieb/.m2/repository/repository.xml
[INFO] Installing org/sakaiproject/nakamura/org.sakaiproject.nakamura.persondirectory/0.9/org.sakaiproject.nakamura.persondirectory-0.9.jar
[INFO] Writing OBR metadata
[INFO] ------------------------------------------------------------------------
[INFO] Building Sakai Nakamura :: CAS Authentication Bundle
[INFO]    task-segment: [clean, install]
[INFO] ------------------------------------------------------------------------
[INFO] [clean:clean {execution: default-clean}]
[INFO] Deleting directory /Users/ieb/timefields/open-experiments/contrib/casauth/target
[INFO] [resources:resources {execution: default-resources}]
[INFO] Using 'UTF-8' encoding to copy filtered resources.
[INFO] Copying 1 resource
[INFO] [compiler:compile {execution: default-compile}]
[INFO] Compiling 5 source files to /Users/ieb/timefields/open-experiments/contrib/casauth/target/classes
[INFO] [scr:scr {execution: generate-scr-scrdescriptor}]
[INFO] Generating 4 MetaType Descriptors to /Users/ieb/timefields/open-experiments/contrib/casauth/target/scr-plugin-generated/OSGI-INF/metatype/metatype.xml
[INFO] Writing abstract service descriptor /Users/ieb/timefields/open-experiments/contrib/casauth/target/scr-plugin-generated/OSGI-INF/scr-plugin/scrinfo.xml with 3 entries.
[INFO] Generating 3 Service Component Descriptors to /Users/ieb/timefields/open-experiments/contrib/casauth/target/scr-plugin-generated/OSGI-INF/serviceComponents.xml
[INFO] [resources:testResources {execution: default-testResources}]
[INFO] Using 'UTF-8' encoding to copy filtered resources.
[INFO] skip non existing resourceDirectory /Users/ieb/timefields/open-experiments/contrib/casauth/src/test/resources
[INFO] [compiler:testCompile {execution: default-testCompile}]
[INFO] Compiling 5 source files to /Users/ieb/timefields/open-experiments/contrib/casauth/target/test-classes
[INFO] [surefire:test {execution: default-test}]
[INFO] Surefire report directory: /Users/ieb/timefields/open-experiments/contrib/casauth/target/surefire-reports

-------------------------------------------------------
 T E S T S
-------------------------------------------------------
Running org.sakaiproject.nakamura.auth.cas.CasAuthenticationHandlerTest
Tests run: 16, Failures: 0, Errors: 0, Skipped: 0, Time elapsed: 1.048 sec
Running org.sakaiproject.nakamura.auth.cas.CasAuthenticationTokenServiceWrapperTest
Tests run: 3, Failures: 0, Errors: 0, Skipped: 0, Time elapsed: 0.467 sec
Running org.sakaiproject.nakamura.auth.cas.CasAuthenticationPluginTest
Tests run: 2, Failures: 0, Errors: 0, Skipped: 0, Time elapsed: 0.019 sec
Running org.sakaiproject.nakamura.auth.cas.CasLoginModulePluginTest
Tests run: 9, Failures: 0, Errors: 0, Skipped: 0, Time elapsed: 0.029 sec
Running org.sakaiproject.nakamura.auth.cas.CasLoginServletTest
Tests run: 6, Failures: 0, Errors: 0, Skipped: 0, Time elapsed: 0.085 sec

Results :

Tests run: 36, Failures: 0, Errors: 0, Skipped: 0

[INFO] [bundle:bundle {execution: default-bundle}]
[INFO] Preparing source:jar
[WARNING] Removing: jar from forked lifecycle, to prevent recursive invocation.
[INFO] No goals needed for project - skipping
[INFO] [source:jar {execution: attach-sources}]
[INFO] Building jar: /Users/ieb/timefields/open-experiments/contrib/casauth/target/org.sakaiproject.nakamura.auth.cas-0.9-sources.jar
[INFO] [ianal:verify-legal-files {execution: default}]
[INFO] Checking legal files in: org.sakaiproject.nakamura.auth.cas-0.9.jar
[WARNING] Artifact does not contain any legal files: org.sakaiproject.nakamura.auth.cas-0.9.jar
[INFO] Checking legal files in: org.sakaiproject.nakamura.auth.cas-0.9-sources.jar
[WARNING] Artifact does not contain any legal files: org.sakaiproject.nakamura.auth.cas-0.9-sources.jar
[INFO] [install:install {execution: default-install}]
[INFO] Installing /Users/ieb/timefields/open-experiments/contrib/casauth/target/org.sakaiproject.nakamura.auth.cas-0.9.jar to /Users/ieb/.m2/repository/org/sakaiproject/nakamura/org.sakaiproject.nakamura.auth.cas/0.9/org.sakaiproject.nakamura.auth.cas-0.9.jar
[INFO] Installing /Users/ieb/timefields/open-experiments/contrib/casauth/target/org.sakaiproject.nakamura.auth.cas-0.9-sources.jar to /Users/ieb/.m2/repository/org/sakaiproject/nakamura/org.sakaiproject.nakamura.auth.cas/0.9/org.sakaiproject.nakamura.auth.cas-0.9-sources.jar
[INFO] [bundle:install {execution: default-install}]
[INFO] Parsing file:/Users/ieb/.m2/repository/repository.xml
[INFO] Installing org/sakaiproject/nakamura/org.sakaiproject.nakamura.auth.cas/0.9/org.sakaiproject.nakamura.auth.cas-0.9.jar
[INFO] Writing OBR metadata
[INFO] ------------------------------------------------------------------------
[INFO] Building Sakai Nakamura :: LDAP Authentication Bundle
[INFO]    task-segment: [clean, install]
[INFO] ------------------------------------------------------------------------
[INFO] [clean:clean {execution: default-clean}]
[INFO] Deleting directory /Users/ieb/timefields/open-experiments/contrib/ldapauth/target
[INFO] [resources:resources {execution: default-resources}]
[INFO] Using 'UTF-8' encoding to copy filtered resources.
[INFO] Copying 1 resource
Downloading: http://repo1.maven.org/maven2//org/apache/sling/org.apache.sling.jcr.resource/2.0.2-incubator/org.apache.sling.jcr.resource-2.0.2-incubator.jar
476/?1052/?1599/?2110/?2622/?3133/?3644/?4084/?4596/?5107/?5157/?6078/?6589/?6639/?7151/?7816/?7866/?8378/?8941/?9553/?10104/?10617/?11281/?11431/?12201/?12712/?12762/?13273/?13785/?13835/?14405/?14917/?15429/?15940/?16040/?16615/?17126/?17176/?17688/?17706/?17730/?18186/?18769/?19281/?19793/?20304/?20404/?20916/?21428/?21940/?22451/?22551/?23131/?23642/?24210/?24823/?25563/?26217/?26367/?26879/?27390/?28058/?28569/?28669/?29181/?29779/?29829/?30341/?30853/?30902/?31414/?31926/?32437/?32948/?33048/?33651/?34283/?34333/?34942/?35454/?35504/?35956/?36468/?36518/?37031/?37543/?38054/?38566/?39078/?39742/?40254/?40842/?41434/?41945/?42195/?42706/?43298/?43809/?44412/?44512/?45024/?45635/?45685/?46197/?46709/?46759/?47271/?47783/?47833/?48515/?49027/?49077/?49589/?50196/?50246/?50759/?51271/?51321/?51833/?52344/?52394/?52406/?52430/?53043/?53491/?53497/?54091/?54602/?55112/?55721/?55821/?56330/?56841/?56891/?57400/?58009/?58059/?58568/?59078/?59128/?59743/?60442/?60492/?61120/?61744/?61794/?62401/?62909/?62958/?63469/?63979/?64489/?65098/?65198/?65812/?66427/?66936/?67446/?67546/?69008/?70975/?74001/?       
[INFO] [compiler:compile {execution: default-compile}]
[INFO] Compiling 3 source files to /Users/ieb/timefields/open-experiments/contrib/ldapauth/target/classes
[INFO] [scr:scr {execution: generate-scr-scrdescriptor}]
[INFO] Generating 4 MetaType Descriptors to /Users/ieb/timefields/open-experiments/contrib/ldapauth/target/scr-plugin-generated/OSGI-INF/metatype/metatype.xml
[INFO] Writing abstract service descriptor /Users/ieb/timefields/open-experiments/contrib/ldapauth/target/scr-plugin-generated/OSGI-INF/scr-plugin/scrinfo.xml with 2 entries.
[INFO] Generating 2 Service Component Descriptors to /Users/ieb/timefields/open-experiments/contrib/ldapauth/target/scr-plugin-generated/OSGI-INF/serviceComponents.xml
[INFO] [resources:testResources {execution: default-testResources}]
[INFO] Using 'UTF-8' encoding to copy filtered resources.
[INFO] skip non existing resourceDirectory /Users/ieb/timefields/open-experiments/contrib/ldapauth/src/test/resources
[INFO] [compiler:testCompile {execution: default-testCompile}]
[INFO] Compiling 2 source files to /Users/ieb/timefields/open-experiments/contrib/ldapauth/target/test-classes
[INFO] [surefire:test {execution: default-test}]
[INFO] Surefire report directory: /Users/ieb/timefields/open-experiments/contrib/ldapauth/target/surefire-reports

-------------------------------------------------------
 T E S T S
-------------------------------------------------------
Running org.sakaiproject.nakamura.auth.ldap.LdapAuthenticationPluginTest
Tests run: 18, Failures: 0, Errors: 0, Skipped: 0, Time elapsed: 0.885 sec
Running org.sakaiproject.nakamura.auth.ldap.LdapLoginModulePluginTest
Tests run: 12, Failures: 0, Errors: 0, Skipped: 0, Time elapsed: 0.109 sec

Results :

Tests run: 30, Failures: 0, Errors: 0, Skipped: 0

[INFO] [bundle:bundle {execution: default-bundle}]
[INFO] Preparing source:jar
[WARNING] Removing: jar from forked lifecycle, to prevent recursive invocation.
[INFO] No goals needed for project - skipping
[INFO] [source:jar {execution: attach-sources}]
[INFO] Building jar: /Users/ieb/timefields/open-experiments/contrib/ldapauth/target/org.sakaiproject.nakamura.auth.ldap-0.9-sources.jar
[INFO] [ianal:verify-legal-files {execution: default}]
[INFO] Checking legal files in: org.sakaiproject.nakamura.auth.ldap-0.9.jar
[WARNING] Artifact does not contain any legal files: org.sakaiproject.nakamura.auth.ldap-0.9.jar
[INFO] Checking legal files in: org.sakaiproject.nakamura.auth.ldap-0.9-sources.jar
[WARNING] Artifact does not contain any legal files: org.sakaiproject.nakamura.auth.ldap-0.9-sources.jar
[INFO] [install:install {execution: default-install}]
[INFO] Installing /Users/ieb/timefields/open-experiments/contrib/ldapauth/target/org.sakaiproject.nakamura.auth.ldap-0.9.jar to /Users/ieb/.m2/repository/org/sakaiproject/nakamura/org.sakaiproject.nakamura.auth.ldap/0.9/org.sakaiproject.nakamura.auth.ldap-0.9.jar
[INFO] Installing /Users/ieb/timefields/open-experiments/contrib/ldapauth/target/org.sakaiproject.nakamura.auth.ldap-0.9-sources.jar to /Users/ieb/.m2/repository/org/sakaiproject/nakamura/org.sakaiproject.nakamura.auth.ldap/0.9/org.sakaiproject.nakamura.auth.ldap-0.9-sources.jar
[INFO] [bundle:install {execution: default-install}]
[INFO] Parsing file:/Users/ieb/.m2/repository/repository.xml
[INFO] Installing org/sakaiproject/nakamura/org.sakaiproject.nakamura.auth.ldap/0.9/org.sakaiproject.nakamura.auth.ldap-0.9.jar
[INFO] Writing OBR metadata
[INFO] ------------------------------------------------------------------------
[INFO] Building Sakai Nakamura :: OpenSSO Authentication Bundle
[INFO]    task-segment: [clean, install]
[INFO] ------------------------------------------------------------------------
[INFO] [clean:clean {execution: default-clean}]
[INFO] Deleting directory /Users/ieb/timefields/open-experiments/contrib/openssoauth/target
[INFO] [resources:resources {execution: default-resources}]
[INFO] Using 'UTF-8' encoding to copy filtered resources.
[INFO] Copying 1 resource
[INFO] [compiler:compile {execution: default-compile}]
[INFO] Compiling 5 source files to /Users/ieb/timefields/open-experiments/contrib/openssoauth/target/classes
[INFO] [scr:scr {execution: generate-scr-scrdescriptor}]
[INFO] Generating 4 MetaType Descriptors to /Users/ieb/timefields/open-experiments/contrib/openssoauth/target/scr-plugin-generated/OSGI-INF/metatype/metatype.xml
[INFO] Writing abstract service descriptor /Users/ieb/timefields/open-experiments/contrib/openssoauth/target/scr-plugin-generated/OSGI-INF/scr-plugin/scrinfo.xml with 3 entries.
[INFO] Generating 3 Service Component Descriptors to /Users/ieb/timefields/open-experiments/contrib/openssoauth/target/scr-plugin-generated/OSGI-INF/serviceComponents.xml
[INFO] [resources:testResources {execution: default-testResources}]
[INFO] Using 'UTF-8' encoding to copy filtered resources.
[INFO] skip non existing resourceDirectory /Users/ieb/timefields/open-experiments/contrib/openssoauth/src/test/resources
[INFO] [compiler:testCompile {execution: default-testCompile}]
[INFO] Compiling 5 source files to /Users/ieb/timefields/open-experiments/contrib/openssoauth/target/test-classes
[INFO] [surefire:test {execution: default-test}]
[INFO] Surefire report directory: /Users/ieb/timefields/open-experiments/contrib/openssoauth/target/surefire-reports

-------------------------------------------------------
 T E S T S
-------------------------------------------------------
Running org.sakaiproject.nakamura.auth.opensso.OpenSsoLoginServletTest
Tests run: 6, Failures: 0, Errors: 0, Skipped: 0, Time elapsed: 0.836 sec
Running org.sakaiproject.nakamura.auth.opensso.OpenSsoLoginModulePluginTest
Tests run: 9, Failures: 0, Errors: 0, Skipped: 0, Time elapsed: 0.071 sec
Running org.sakaiproject.nakamura.auth.opensso.OpenSsoAuthenticationTokenServiceWrapperTest
Tests run: 3, Failures: 0, Errors: 0, Skipped: 0, Time elapsed: 0.03 sec
Running org.sakaiproject.nakamura.auth.opensso.OpenSsoAuthenticationHandlerTest
Tests run: 15, Failures: 0, Errors: 0, Skipped: 0, Time elapsed: 0.474 sec
Running org.sakaiproject.nakamura.auth.opensso.OpenSsoAuthenticationPluginTest
Tests run: 2, Failures: 0, Errors: 0, Skipped: 0, Time elapsed: 0.015 sec

Results :

Tests run: 35, Failures: 0, Errors: 0, Skipped: 0

[INFO] [bundle:bundle {execution: default-bundle}]
[INFO] Preparing source:jar
[WARNING] Removing: jar from forked lifecycle, to prevent recursive invocation.
[INFO] No goals needed for project - skipping
[INFO] [source:jar {execution: attach-sources}]
[INFO] Building jar: /Users/ieb/timefields/open-experiments/contrib/openssoauth/target/org.sakaiproject.nakamura.auth.opensso-0.9-sources.jar
[INFO] [ianal:verify-legal-files {execution: default}]
[INFO] Checking legal files in: org.sakaiproject.nakamura.auth.opensso-0.9.jar
[WARNING] Artifact does not contain any legal files: org.sakaiproject.nakamura.auth.opensso-0.9.jar
[INFO] Checking legal files in: org.sakaiproject.nakamura.auth.opensso-0.9-sources.jar
[WARNING] Artifact does not contain any legal files: org.sakaiproject.nakamura.auth.opensso-0.9-sources.jar
[INFO] [install:install {execution: default-install}]
[INFO] Installing /Users/ieb/timefields/open-experiments/contrib/openssoauth/target/org.sakaiproject.nakamura.auth.opensso-0.9.jar to /Users/ieb/.m2/repository/org/sakaiproject/nakamura/org.sakaiproject.nakamura.auth.opensso/0.9/org.sakaiproject.nakamura.auth.opensso-0.9.jar
[INFO] Installing /Users/ieb/timefields/open-experiments/contrib/openssoauth/target/org.sakaiproject.nakamura.auth.opensso-0.9-sources.jar to /Users/ieb/.m2/repository/org/sakaiproject/nakamura/org.sakaiproject.nakamura.auth.opensso/0.9/org.sakaiproject.nakamura.auth.opensso-0.9-sources.jar
[INFO] [bundle:install {execution: default-install}]
[INFO] Parsing file:/Users/ieb/.m2/repository/repository.xml
[INFO] Installing org/sakaiproject/nakamura/org.sakaiproject.nakamura.auth.opensso/0.9/org.sakaiproject.nakamura.auth.opensso-0.9.jar
[INFO] Writing OBR metadata
[INFO] ------------------------------------------------------------------------
[INFO] Building Sakai Nakamura :: Remote Files Connector
[INFO]    task-segment: [clean, install]
[INFO] ------------------------------------------------------------------------
[INFO] [clean:clean {execution: default-clean}]
[INFO] Deleting directory /Users/ieb/timefields/open-experiments/contrib/remotefiles/target
[INFO] [resources:resources {execution: default-resources}]
[INFO] Using 'UTF-8' encoding to copy filtered resources.
[INFO] Copying 4 resources
[INFO] [compiler:compile {execution: default-compile}]
[INFO] Compiling 7 source files to /Users/ieb/timefields/open-experiments/contrib/remotefiles/target/classes
[INFO] [scr:scr {execution: generate-scr-scrdescriptor}]
[INFO] Generating 10 MetaType Descriptors to /Users/ieb/timefields/open-experiments/contrib/remotefiles/target/scr-plugin-generated/OSGI-INF/metatype/metatype.xml
[INFO] Writing abstract service descriptor /Users/ieb/timefields/open-experiments/contrib/remotefiles/target/scr-plugin-generated/OSGI-INF/scr-plugin/scrinfo.xml with 5 entries.
[INFO] Generating 5 Service Component Descriptors to /Users/ieb/timefields/open-experiments/contrib/remotefiles/target/scr-plugin-generated/OSGI-INF/serviceComponents.xml
[INFO] [resources:testResources {execution: default-testResources}]
[INFO] Using 'UTF-8' encoding to copy filtered resources.
[INFO] skip non existing resourceDirectory /Users/ieb/timefields/open-experiments/contrib/remotefiles/src/test/resources
[INFO] [compiler:testCompile {execution: default-testCompile}]
[INFO] Compiling 1 source file to /Users/ieb/timefields/open-experiments/contrib/remotefiles/target/test-classes
[INFO] [surefire:test {execution: default-test}]
[INFO] Surefire report directory: /Users/ieb/timefields/open-experiments/contrib/remotefiles/target/surefire-reports

-------------------------------------------------------
 T E S T S
-------------------------------------------------------
Running org.sakaiproject.nakamura.docproxy.remotefiles.RemoteFilesRepositoryProcessorTest
Tests run: 1, Failures: 0, Errors: 0, Skipped: 0, Time elapsed: 0.408 sec

Results :

Tests run: 1, Failures: 0, Errors: 0, Skipped: 0

[INFO] [bundle:bundle {execution: default-bundle}]
[INFO] Preparing source:jar
[WARNING] Removing: jar from forked lifecycle, to prevent recursive invocation.
[INFO] No goals needed for project - skipping
[INFO] [source:jar {execution: attach-sources}]
[INFO] Building jar: /Users/ieb/timefields/open-experiments/contrib/remotefiles/target/org.sakaiproject.nakamura.remotefiles-0.9-sources.jar
[INFO] [ianal:verify-legal-files {execution: default}]
[INFO] Checking legal files in: org.sakaiproject.nakamura.remotefiles-0.9.jar
[WARNING] Artifact does not contain any legal files: org.sakaiproject.nakamura.remotefiles-0.9.jar
[INFO] Checking legal files in: org.sakaiproject.nakamura.remotefiles-0.9-sources.jar
[WARNING] Artifact does not contain any legal files: org.sakaiproject.nakamura.remotefiles-0.9-sources.jar
[INFO] [install:install {execution: default-install}]
[INFO] Installing /Users/ieb/timefields/open-experiments/contrib/remotefiles/target/org.sakaiproject.nakamura.remotefiles-0.9.jar to /Users/ieb/.m2/repository/org/sakaiproject/nakamura/org.sakaiproject.nakamura.remotefiles/0.9/org.sakaiproject.nakamura.remotefiles-0.9.jar
[INFO] Installing /Users/ieb/timefields/open-experiments/contrib/remotefiles/target/org.sakaiproject.nakamura.remotefiles-0.9-sources.jar to /Users/ieb/.m2/repository/org/sakaiproject/nakamura/org.sakaiproject.nakamura.remotefiles/0.9/org.sakaiproject.nakamura.remotefiles-0.9-sources.jar
[INFO] [bundle:install {execution: default-install}]
[INFO] Parsing file:/Users/ieb/.m2/repository/repository.xml
[INFO] Installing org/sakaiproject/nakamura/org.sakaiproject.nakamura.remotefiles/0.9/org.sakaiproject.nakamura.remotefiles-0.9.jar
[INFO] Writing OBR metadata
[INFO] ------------------------------------------------------------------------
[INFO] Building Sakai Nakamura :: Site Join Workflow Bundle
[INFO]    task-segment: [clean, install]
[INFO] ------------------------------------------------------------------------
[INFO] [clean:clean {execution: default-clean}]
[INFO] Deleting directory /Users/ieb/timefields/open-experiments/contrib/sitejoin/target
[INFO] [resources:resources {execution: default-resources}]
[INFO] Using 'UTF-8' encoding to copy filtered resources.
[INFO] Copying 1 resource
[INFO] [compiler:compile {execution: default-compile}]
[INFO] Compiling 8 source files to /Users/ieb/timefields/open-experiments/contrib/sitejoin/target/classes
[INFO] [scr:scr {execution: generate-scr-scrdescriptor}]
[INFO] Generating 8 MetaType Descriptors to /Users/ieb/timefields/open-experiments/contrib/sitejoin/target/scr-plugin-generated/OSGI-INF/metatype/metatype.xml
[INFO] Writing abstract service descriptor /Users/ieb/timefields/open-experiments/contrib/sitejoin/target/scr-plugin-generated/OSGI-INF/scr-plugin/scrinfo.xml with 6 entries.
[INFO] Generating 6 Service Component Descriptors to /Users/ieb/timefields/open-experiments/contrib/sitejoin/target/scr-plugin-generated/OSGI-INF/serviceComponents.xml
[INFO] [resources:testResources {execution: default-testResources}]
[INFO] Using 'UTF-8' encoding to copy filtered resources.
[INFO] skip non existing resourceDirectory /Users/ieb/timefields/open-experiments/contrib/sitejoin/src/test/resources
[INFO] [compiler:testCompile {execution: default-testCompile}]
[INFO] No sources to compile
[INFO] [surefire:test {execution: default-test}]
[INFO] No tests to run.
[INFO] [bundle:bundle {execution: default-bundle}]
[INFO] Preparing source:jar
[WARNING] Removing: jar from forked lifecycle, to prevent recursive invocation.
[INFO] No goals needed for project - skipping
[INFO] [source:jar {execution: attach-sources}]
[INFO] Building jar: /Users/ieb/timefields/open-experiments/contrib/sitejoin/target/org.sakaiproject.nakamura.site.join-0.9-sources.jar
[INFO] [ianal:verify-legal-files {execution: default}]
[INFO] Checking legal files in: org.sakaiproject.nakamura.site.join-0.9.jar
[WARNING] Artifact does not contain any legal files: org.sakaiproject.nakamura.site.join-0.9.jar
[INFO] Checking legal files in: org.sakaiproject.nakamura.site.join-0.9-sources.jar
[WARNING] Artifact does not contain any legal files: org.sakaiproject.nakamura.site.join-0.9-sources.jar
[INFO] [install:install {execution: default-install}]
[INFO] Installing /Users/ieb/timefields/open-experiments/contrib/sitejoin/target/org.sakaiproject.nakamura.site.join-0.9.jar to /Users/ieb/.m2/repository/org/sakaiproject/nakamura/org.sakaiproject.nakamura.site.join/0.9/org.sakaiproject.nakamura.site.join-0.9.jar
[INFO] Installing /Users/ieb/timefields/open-experiments/contrib/sitejoin/target/org.sakaiproject.nakamura.site.join-0.9-sources.jar to /Users/ieb/.m2/repository/org/sakaiproject/nakamura/org.sakaiproject.nakamura.site.join/0.9/org.sakaiproject.nakamura.site.join-0.9-sources.jar
[INFO] [bundle:install {execution: default-install}]
[INFO] Parsing file:/Users/ieb/.m2/repository/repository.xml
[INFO] Installing org/sakaiproject/nakamura/org.sakaiproject.nakamura.site.join/0.9/org.sakaiproject.nakamura.site.join-0.9.jar
[INFO] Writing OBR metadata
[INFO] ------------------------------------------------------------------------
[INFO] Building Sakai Nakamura :: Foreign Principal Provider
[INFO]    task-segment: [clean, install]
[INFO] ------------------------------------------------------------------------
[INFO] [clean:clean {execution: default-clean}]
[INFO] Deleting directory /Users/ieb/timefields/open-experiments/contrib/foreignprincipal/target
[INFO] [resources:resources {execution: default-resources}]
[INFO] Using 'UTF-8' encoding to copy filtered resources.
[INFO] skip non existing resourceDirectory /Users/ieb/timefields/open-experiments/contrib/foreignprincipal/src/main/resources
[INFO] [compiler:compile {execution: default-compile}]
[INFO] Compiling 2 source files to /Users/ieb/timefields/open-experiments/contrib/foreignprincipal/target/classes
[INFO] [scr:scr {execution: generate-scr-scrdescriptor}]
[INFO] Generating 2 MetaType Descriptors to /Users/ieb/timefields/open-experiments/contrib/foreignprincipal/target/scr-plugin-generated/OSGI-INF/metatype/metatype.xml
[INFO] Writing abstract service descriptor /Users/ieb/timefields/open-experiments/contrib/foreignprincipal/target/scr-plugin-generated/OSGI-INF/scr-plugin/scrinfo.xml with 1 entries.
[INFO] Generating 1 Service Component Descriptors to /Users/ieb/timefields/open-experiments/contrib/foreignprincipal/target/scr-plugin-generated/OSGI-INF/serviceComponents.xml
[INFO] [resources:testResources {execution: default-testResources}]
[INFO] Using 'UTF-8' encoding to copy filtered resources.
[INFO] skip non existing resourceDirectory /Users/ieb/timefields/open-experiments/contrib/foreignprincipal/src/test/resources
[INFO] [compiler:testCompile {execution: default-testCompile}]
[INFO] Compiling 1 source file to /Users/ieb/timefields/open-experiments/contrib/foreignprincipal/target/test-classes
[INFO] [surefire:test {execution: default-test}]
[INFO] Surefire report directory: /Users/ieb/timefields/open-experiments/contrib/foreignprincipal/target/surefire-reports

-------------------------------------------------------
 T E S T S
-------------------------------------------------------
Running org.sakaiproject.nakamura.foreignprincipal.impl.ForeignPrincipalTest
Tests run: 4, Failures: 0, Errors: 0, Skipped: 0, Time elapsed: 0.585 sec

Results :

Tests run: 4, Failures: 0, Errors: 0, Skipped: 0

[INFO] [bundle:bundle {execution: default-bundle}]
[INFO] Preparing source:jar
[WARNING] Removing: jar from forked lifecycle, to prevent recursive invocation.
[INFO] No goals needed for project - skipping
[INFO] [source:jar {execution: attach-sources}]
[INFO] Building jar: /Users/ieb/timefields/open-experiments/contrib/foreignprincipal/target/org.sakaiproject.nakamura.foreignprincipal-0.9-sources.jar
[INFO] [ianal:verify-legal-files {execution: default}]
[INFO] Checking legal files in: org.sakaiproject.nakamura.foreignprincipal-0.9.jar
[WARNING] Artifact does not contain any legal files: org.sakaiproject.nakamura.foreignprincipal-0.9.jar
[INFO] Checking legal files in: org.sakaiproject.nakamura.foreignprincipal-0.9-sources.jar
[WARNING] Artifact does not contain any legal files: org.sakaiproject.nakamura.foreignprincipal-0.9-sources.jar
[INFO] [install:install {execution: default-install}]
[INFO] Installing /Users/ieb/timefields/open-experiments/contrib/foreignprincipal/target/org.sakaiproject.nakamura.foreignprincipal-0.9.jar to /Users/ieb/.m2/repository/org/sakaiproject/nakamura/org.sakaiproject.nakamura.foreignprincipal/0.9/org.sakaiproject.nakamura.foreignprincipal-0.9.jar
[INFO] Installing /Users/ieb/timefields/open-experiments/contrib/foreignprincipal/target/org.sakaiproject.nakamura.foreignprincipal-0.9-sources.jar to /Users/ieb/.m2/repository/org/sakaiproject/nakamura/org.sakaiproject.nakamura.foreignprincipal/0.9/org.sakaiproject.nakamura.foreignprincipal-0.9-sources.jar
[INFO] [bundle:install {execution: default-install}]
[INFO] Installing org/sakaiproject/nakamura/org.sakaiproject.nakamura.foreignprincipal/0.9/org.sakaiproject.nakamura.foreignprincipal-0.9.jar
[INFO] Writing OBR metadata
[INFO] ------------------------------------------------------------------------
[INFO] Building Sakai Nakamura :: Root Node Configuration
[INFO]    task-segment: [clean, install]
[INFO] ------------------------------------------------------------------------
[INFO] [clean:clean {execution: default-clean}]
[INFO] Deleting directory /Users/ieb/timefields/open-experiments/contrib/rootconfig/target
[INFO] [resources:resources {execution: default-resources}]
[INFO] Using 'UTF-8' encoding to copy filtered resources.
[INFO] skip non existing resourceDirectory /Users/ieb/timefields/open-experiments/contrib/rootconfig/src/main/resources
[INFO] [compiler:compile {execution: default-compile}]
[INFO] Compiling 1 source file to /Users/ieb/timefields/open-experiments/contrib/rootconfig/target/classes
[INFO] [scr:scr {execution: generate-scr-scrdescriptor}]
[INFO] Generating 2 MetaType Descriptors to /Users/ieb/timefields/open-experiments/contrib/rootconfig/target/scr-plugin-generated/OSGI-INF/metatype/metatype.xml
[INFO] Writing abstract service descriptor /Users/ieb/timefields/open-experiments/contrib/rootconfig/target/scr-plugin-generated/OSGI-INF/scr-plugin/scrinfo.xml with 1 entries.
[INFO] Generating 1 Service Component Descriptors to /Users/ieb/timefields/open-experiments/contrib/rootconfig/target/scr-plugin-generated/OSGI-INF/serviceComponents.xml
[INFO] [resources:testResources {execution: default-testResources}]
[INFO] Using 'UTF-8' encoding to copy filtered resources.
[INFO] skip non existing resourceDirectory /Users/ieb/timefields/open-experiments/contrib/rootconfig/src/test/resources
[INFO] [compiler:testCompile {execution: default-testCompile}]
[INFO] Compiling 1 source file to /Users/ieb/timefields/open-experiments/contrib/rootconfig/target/test-classes
[INFO] [surefire:test {execution: default-test}]
[INFO] Surefire report directory: /Users/ieb/timefields/open-experiments/contrib/rootconfig/target/surefire-reports

-------------------------------------------------------
 T E S T S
-------------------------------------------------------
Running org.sakaiproject.nakamura.rootconfig.impl.RootConfigurationServiceTest
Tests run: 4, Failures: 0, Errors: 0, Skipped: 0, Time elapsed: 0.498 sec

Results :

Tests run: 4, Failures: 0, Errors: 0, Skipped: 0

[INFO] [bundle:bundle {execution: default-bundle}]
[INFO] Preparing source:jar
[WARNING] Removing: jar from forked lifecycle, to prevent recursive invocation.
[INFO] No goals needed for project - skipping
[INFO] [source:jar {execution: attach-sources}]
[INFO] Building jar: /Users/ieb/timefields/open-experiments/contrib/rootconfig/target/org.sakaiproject.nakamura.rootconfig-0.9-sources.jar
[INFO] [ianal:verify-legal-files {execution: default}]
[INFO] Checking legal files in: org.sakaiproject.nakamura.rootconfig-0.9.jar
[WARNING] Artifact does not contain any legal files: org.sakaiproject.nakamura.rootconfig-0.9.jar
[INFO] Checking legal files in: org.sakaiproject.nakamura.rootconfig-0.9-sources.jar
[WARNING] Artifact does not contain any legal files: org.sakaiproject.nakamura.rootconfig-0.9-sources.jar
[INFO] [install:install {execution: default-install}]
[INFO] Installing /Users/ieb/timefields/open-experiments/contrib/rootconfig/target/org.sakaiproject.nakamura.rootconfig-0.9.jar to /Users/ieb/.m2/repository/org/sakaiproject/nakamura/org.sakaiproject.nakamura.rootconfig/0.9/org.sakaiproject.nakamura.rootconfig-0.9.jar
[INFO] Installing /Users/ieb/timefields/open-experiments/contrib/rootconfig/target/org.sakaiproject.nakamura.rootconfig-0.9-sources.jar to /Users/ieb/.m2/repository/org/sakaiproject/nakamura/org.sakaiproject.nakamura.rootconfig/0.9/org.sakaiproject.nakamura.rootconfig-0.9-sources.jar
[INFO] [bundle:install {execution: default-install}]
[INFO] Installing org/sakaiproject/nakamura/org.sakaiproject.nakamura.rootconfig/0.9/org.sakaiproject.nakamura.rootconfig-0.9.jar
[INFO] Writing OBR metadata
[INFO] 
[INFO] 
[INFO] ------------------------------------------------------------------------
[INFO] Reactor Summary:
[INFO] ------------------------------------------------------------------------
[INFO] Sakai Nakamura Project ................................ SUCCESS [13.988s]
[INFO] Sakai Nakamura :: Sakai Import Bundle ................. SUCCESS [26.984s]
[INFO] Sakai Nakamura :: Filters Bundle ...................... SUCCESS [6.015s]
[INFO] Sakai Nakamura :: Mailman Support ..................... SUCCESS [13.467s]
[INFO] Sakai Nakamura :: LDAP Connection Bundle .............. SUCCESS [7.466s]
[INFO] Sakai Nakamura :: Person Directory Bundle ............. SUCCESS [6.937s]
[INFO] Sakai Nakamura :: CAS Authentication Bundle ........... SUCCESS [11.830s]
[INFO] Sakai Nakamura :: LDAP Authentication Bundle .......... SUCCESS [9.038s]
[INFO] Sakai Nakamura :: OpenSSO Authentication Bundle ....... SUCCESS [9.200s]
[INFO] Sakai Nakamura :: Remote Files Connector .............. SUCCESS [6.176s]
[INFO] Sakai Nakamura :: Site Join Workflow Bundle ........... SUCCESS [4.173s]
[INFO] Sakai Nakamura :: Foreign Principal Provider .......... SUCCESS [9.887s]
[INFO] Sakai Nakamura :: Root Node Configuration ............. SUCCESS [6.014s]
[INFO] ------------------------------------------------------------------------
[INFO] ------------------------------------------------------------------------
[INFO] BUILD SUCCESSFUL
[INFO] ------------------------------------------------------------------------
[INFO] Total time: 2 minutes 20 seconds
[INFO] Finished at: Tue Oct 12 10:57:34 BST 2010
[INFO] Final Memory: 91M/340M
[INFO] ------------------------------------------------------------------------
